<?xml version="1.0" encoding="UTF-8"?>
<!-- Generated by org.testng.reporters.JUnitXMLReporter -->
<testsuite ignored="0" hostname="Laptop" failures="1" tests="3" name="chrometest" time="36.327" errors="0" timestamp="2025-04-12T02:41:52 IST">
  <testcase classname="testCases.LoginTest" name="loginTest" time="15.413">
    <failure type="java.lang.AssertionError" message="expected [true] but found [false]">
      <![CDATA[java.lang.AssertionError: expected [true] but found [false]
at testCases.LoginTest.loginTest(LoginTest.java:33)
at java.base/java.util.ArrayList.forEach(ArrayList.java:1511)
... Removed 31 stack frames]]>
    </failure>
  </testcase> <!-- loginTest -->
  <testcase classname="testCases.LoginTest" name="loginTest" time="1.986"/>
  <testcase classname="testCases.JavascriptAlertTest" name="alertTest" time="4.313"/>
</testsuite> <!-- chrometest -->
